<?xml version="1.0" encoding="UTF-8"?>
<!-- Generated by org.testng.reporters.JUnitXMLReporter -->
<testsuite ignored="0" hostname="LAPTOP-B7J48FNR" failures="1" tests="6" name="Surefire test" time="100.953" errors="0" timestamp="2024-07-02T17:37:07 IST">
  <testcase classname="com.FrameLearn.test.E2ETest" name="orderplacement" time="19.335"/>
  <testcase classname="com.FrameLearn.test.E2ETest" name="orderplacement" time="19.054"/>
  <testcase classname="com.FrameLearn.test.E2ETest" name="VerifyOrderHistory" time="1.388"/>
  <testcase classname="com.FrameLearn.test.ErrorValidationTest" name="incorrectLogin" time="0.892">
    <skipped/>
  </testcase> <!-- incorrectLogin -->
  <testcase classname="com.FrameLearn.test.ErrorValidationTest" name="incorrectLogin" time="0.866">
    <failure type="java.lang.AssertionError" message="expected [Incorrect ema or password.] but found [Incorrect email or password.]">
      <![CDATA[java.lang.AssertionError: expected [Incorrect ema or password.] but found [Incorrect email or password.]
at com.FrameLearn.test.ErrorValidationTest.incorrectLogin(ErrorValidationTest.java:15)
at java.base/java.util.ArrayList.forEach(ArrayList.java:1596)
... Removed 36 stack frames]]>
    </failure>
  </testcase> <!-- incorrectLogin -->
  <testcase classname="com.FrameLearn.test.ErrorValidationTest" name="incorrectProduct" time="2.93"/>
</testsuite> <!-- Surefire test -->
