<?xml version="1.0" encoding="UTF-8"?>
<!-- Generated by org.testng.reporters.JUnitXMLReporter -->
<testsuite ignored="0" hostname="LAPTOP-B7J48FNR" failures="1" tests="6" name="Command line test" time="98.058" errors="0" timestamp="2024-07-02T17:41:44 IST">
  <testcase classname="com.FrameLearn.test.E2ETest" name="orderplacement" time="24.861"/>
  <testcase classname="com.FrameLearn.test.E2ETest" name="orderplacement" time="8.381"/>
  <testcase classname="com.FrameLearn.test.E2ETest" name="VerifyOrderHistory" time="1.35"/>
  <testcase classname="com.FrameLearn.test.ErrorValidationTest" name="incorrectLogin" time="0.89">
    <skipped/>
  </testcase> <!-- incorrectLogin -->
  <testcase classname="com.FrameLearn.test.ErrorValidationTest" name="incorrectLogin" time="0.928">
    <failure type="java.lang.AssertionError" message="expected [Incorrect ema or password.] but found [Incorrect email or password.]">
      <![CDATA[java.lang.AssertionError: expected [Incorrect ema or password.] but found [Incorrect email or password.]
at com.FrameLearn.test.ErrorValidationTest.incorrectLogin(ErrorValidationTest.java:15)
at java.base/java.util.ArrayList.forEach(ArrayList.java:1596)
... Removed 39 stack frames]]>
    </failure>
  </testcase> <!-- incorrectLogin -->
  <testcase classname="com.FrameLearn.test.ErrorValidationTest" name="incorrectProduct" time="3.636"/>
</testsuite> <!-- Command line test -->
