<?xml version="1.0" encoding="UTF-8"?>
<!-- Generated by org.testng.reporters.JUnitXMLReporter -->
<testsuite ignored="0" hostname="LAPTOP-B7J48FNR" failures="1" tests="3" name="ErrorValidationTest" time="55.902" errors="0" timestamp="2024-07-02T17:29:43 IST">
  <testcase classname="com.FrameLearn.test.ErrorValidationTest" name="incorrectLogin" time="1.052">
    <skipped/>
  </testcase> <!-- incorrectLogin -->
  <testcase classname="com.FrameLearn.test.ErrorValidationTest" name="incorrectLogin" time="1.088">
    <failure type="java.lang.AssertionError" message="expected [Incorrect ema or password.] but found [Incorrect email or password.]">
      <![CDATA[java.lang.AssertionError: expected [Incorrect ema or password.] but found [Incorrect email or password.]
at com.FrameLearn.test.ErrorValidationTest.incorrectLogin(ErrorValidationTest.java:15)
at java.base/java.util.ArrayList.forEach(ArrayList.java:1596)
at java.base/java.util.concurrent.FutureTask.run(FutureTask.java:317)
at java.base/java.util.concurrent.ThreadPoolExecutor.runWorker(ThreadPoolExecutor.java:1144)
at java.base/java.util.concurrent.ThreadPoolExecutor$Worker.run(ThreadPoolExecutor.java:642)
at java.base/java.lang.Thread.run(Thread.java:1583)
... Removed 21 stack frames]]>
    </failure>
  </testcase> <!-- incorrectLogin -->
  <testcase classname="com.FrameLearn.test.ErrorValidationTest" name="incorrectProduct" time="14.923"/>
</testsuite> <!-- ErrorValidationTest -->
